<?xml version="1.0" encoding="UTF-8" ?>
<testsuite tests="5" failures="2" name="org.db.UserDBManagerTest" time="0.963" errors="0" skipped="0">
  <properties>
    <property name="java.runtime.name" value="Java(TM) SE Runtime Environment"/>
    <property name="sun.boot.library.path" value="C:\Program Files\Java\jdk1.8.0_151\jre\bin"/>
    <property name="java.vm.version" value="25.151-b12"/>
    <property name="java.vm.vendor" value="Oracle Corporation"/>
    <property name="maven.multiModuleProjectDirectory" value="C:\Users\UTENTE9\Desktop\corso_java\corso_java\workspace\UserManagementPersistence"/>
    <property name="java.vendor.url" value="http://java.oracle.com/"/>
    <property name="path.separator" value=";"/>
    <property name="guice.disable.misplaced.annotation.check" value="true"/>
    <property name="java.vm.name" value="Java HotSpot(TM) 64-Bit Server VM"/>
    <property name="file.encoding.pkg" value="sun.io"/>
    <property name="user.script" value=""/>
    <property name="user.country" value="IT"/>
    <property name="sun.java.launcher" value="SUN_STANDARD"/>
    <property name="sun.os.patch.level" value=""/>
    <property name="java.vm.specification.name" value="Java Virtual Machine Specification"/>
    <property name="user.dir" value="C:\Users\UTENTE9\Desktop\corso_java\corso_java\workspace\UserManagementPersistence"/>
    <property name="java.runtime.version" value="1.8.0_151-b12"/>
    <property name="java.awt.graphicsenv" value="sun.awt.Win32GraphicsEnvironment"/>
    <property name="java.endorsed.dirs" value="C:\Program Files\Java\jdk1.8.0_151\jre\lib\endorsed"/>
    <property name="os.arch" value="amd64"/>
    <property name="java.io.tmpdir" value="C:\Users\UTENTE9\AppData\Local\Temp\"/>
    <property name="line.separator" value="
"/>
    <property name="java.vm.specification.vendor" value="Oracle Corporation"/>
    <property name="user.variant" value=""/>
    <property name="os.name" value="Windows 10"/>
    <property name="classworlds.conf" value="C:\Users\UTENTE9\Desktop\corso_java\corso_java\workspace\.metadata\.plugins\org.eclipse.m2e.launching\launches\m2conf472179556198519426.tmp"/>
    <property name="sun.jnu.encoding" value="Cp1252"/>
    <property name="java.library.path" value="C:\Program Files\Java\jdk1.8.0_151\bin;C:\Windows\Sun\Java\bin;C:\Windows\system32;C:\Windows;C:/Program Files/Java/jdk1.8.0_151/bin/../jre/bin/server;C:/Program Files/Java/jdk1.8.0_151/bin/../jre/bin;C:/Program Files/Java/jdk1.8.0_151/bin/../jre/lib/amd64;C:\Program Files (x86)\Intel\iCLS Client\;C:\Program Files\Intel\iCLS Client\;C:\Windows\system32;C:\Windows;C:\Windows\System32\Wbem;C:\Windows\System32\WindowsPowerShell\v1.0\;C:\Program Files\Intel\WiFi\bin\;C:\Program Files\Common Files\Intel\WirelessCommon\;C:\Program Files (x86)\Intel\Intel(R) Management Engine Components\DAL;C:\Program Files\Intel\Intel(R) Management Engine Components\DAL;C:\Program Files (x86)\Intel\Intel(R) Management Engine Components\IPT;C:\Program Files\Intel\Intel(R) Management Engine Components\IPT;C:\Program Files\Java\jdk1.8.0_151\bin;C:\Program Files\Java\jdk1.8.0_151\jre\bin;C:\Program Files\Git\cmd;C:\Program Files\PuTTY\;C:\Users\UTENTE9\AppData\Local\Microsoft\WindowsApps;;C:\Program Files\eclipse;;."/>
    <property name="java.specification.name" value="Java Platform API Specification"/>
    <property name="java.class.version" value="52.0"/>
    <property name="sun.management.compiler" value="HotSpot 64-Bit Tiered Compilers"/>
    <property name="os.version" value="10.0"/>
    <property name="user.home" value="C:\Users\UTENTE9"/>
    <property name="user.timezone" value="Europe/Berlin"/>
    <property name="java.awt.printerjob" value="sun.awt.windows.WPrinterJob"/>
    <property name="java.specification.version" value="1.8"/>
    <property name="file.encoding" value="Cp1252"/>
    <property name="user.name" value="UTENTE9"/>
    <property name="java.class.path" value="C:\Program Files\eclipse\plugins\org.eclipse.m2e.maven.runtime_1.8.2.20171007-0216\jars\plexus-classworlds-2.5.2.jar"/>
    <property name="java.vm.specification.version" value="1.8"/>
    <property name="sun.arch.data.model" value="64"/>
    <property name="java.home" value="C:\Program Files\Java\jdk1.8.0_151\jre"/>
    <property name="sun.java.command" value="org.codehaus.plexus.classworlds.launcher.Launcher -B clean verify install"/>
    <property name="java.specification.vendor" value="Oracle Corporation"/>
    <property name="user.language" value="it"/>
    <property name="awt.toolkit" value="sun.awt.windows.WToolkit"/>
    <property name="java.vm.info" value="mixed mode"/>
    <property name="java.version" value="1.8.0_151"/>
    <property name="java.ext.dirs" value="C:\Program Files\Java\jdk1.8.0_151\jre\lib\ext;C:\Windows\Sun\Java\lib\ext"/>
    <property name="sun.boot.class.path" value="C:\Program Files\Java\jdk1.8.0_151\jre\lib\resources.jar;C:\Program Files\Java\jdk1.8.0_151\jre\lib\rt.jar;C:\Program Files\Java\jdk1.8.0_151\jre\lib\sunrsasign.jar;C:\Program Files\Java\jdk1.8.0_151\jre\lib\jsse.jar;C:\Program Files\Java\jdk1.8.0_151\jre\lib\jce.jar;C:\Program Files\Java\jdk1.8.0_151\jre\lib\charsets.jar;C:\Program Files\Java\jdk1.8.0_151\jre\lib\jfr.jar;C:\Program Files\Java\jdk1.8.0_151\jre\classes"/>
    <property name="java.vendor" value="Oracle Corporation"/>
    <property name="maven.home" value="C:\Users\UTENTE9\Desktop\corso_java\corso_java\workspace\UserManagementPersistence\EMBEDDED"/>
    <property name="file.separator" value="\"/>
    <property name="java.vendor.url.bug" value="http://bugreport.sun.com/bugreport/"/>
    <property name="sun.cpu.endian" value="little"/>
    <property name="sun.io.unicode.encoding" value="UnicodeLittle"/>
    <property name="sun.desktop" value="windows"/>
    <property name="sun.cpu.isalist" value="amd64"/>
  </properties>
  <testcase classname="org.db.UserDBManagerTest" name="test3_isEmailOnDB_true" time="0.172">
    <failure type="java.lang.AssertionError">java.lang.AssertionError
	at org.junit.Assert.fail(Assert.java:86)
	at org.junit.Assert.assertTrue(Assert.java:41)
	at org.junit.Assert.assertTrue(Assert.java:52)
	at org.db.UserDBManagerTest.test3_isEmailOnDB_true(UserDBManagerTest.java:50)
	at sun.reflect.NativeMethodAccessorImpl.invoke0(Native Method)
	at sun.reflect.NativeMethodAccessorImpl.invoke(NativeMethodAccessorImpl.java:62)
	at sun.reflect.DelegatingMethodAccessorImpl.invoke(DelegatingMethodAccessorImpl.java:43)
	at java.lang.reflect.Method.invoke(Method.java:498)
	at org.junit.runners.model.FrameworkMethod$1.runReflectiveCall(FrameworkMethod.java:50)
	at org.junit.internal.runners.model.ReflectiveCallable.run(ReflectiveCallable.java:12)
	at org.junit.runners.model.FrameworkMethod.invokeExplosively(FrameworkMethod.java:47)
	at org.junit.internal.runners.statements.InvokeMethod.evaluate(InvokeMethod.java:17)
	at org.junit.internal.runners.statements.RunBefores.evaluate(RunBefores.java:26)
	at org.junit.internal.runners.statements.RunAfters.evaluate(RunAfters.java:27)
	at org.junit.runners.ParentRunner.runLeaf(ParentRunner.java:325)
	at org.junit.runners.BlockJUnit4ClassRunner.runChild(BlockJUnit4ClassRunner.java:78)
	at org.junit.runners.BlockJUnit4ClassRunner.runChild(BlockJUnit4ClassRunner.java:57)
	at org.junit.runners.ParentRunner$3.run(ParentRunner.java:290)
	at org.junit.runners.ParentRunner$1.schedule(ParentRunner.java:71)
	at org.junit.runners.ParentRunner.runChildren(ParentRunner.java:288)
	at org.junit.runners.ParentRunner.access$000(ParentRunner.java:58)
	at org.junit.runners.ParentRunner$2.evaluate(ParentRunner.java:268)
	at org.junit.runners.ParentRunner.run(ParentRunner.java:363)
	at org.apache.maven.surefire.junit4.JUnit4Provider.execute(JUnit4Provider.java:252)
	at org.apache.maven.surefire.junit4.JUnit4Provider.executeTestSet(JUnit4Provider.java:141)
	at org.apache.maven.surefire.junit4.JUnit4Provider.invoke(JUnit4Provider.java:112)
	at sun.reflect.NativeMethodAccessorImpl.invoke0(Native Method)
	at sun.reflect.NativeMethodAccessorImpl.invoke(NativeMethodAccessorImpl.java:62)
	at sun.reflect.DelegatingMethodAccessorImpl.invoke(DelegatingMethodAccessorImpl.java:43)
	at java.lang.reflect.Method.invoke(Method.java:498)
	at org.apache.maven.surefire.util.ReflectionUtils.invokeMethodWithArray(ReflectionUtils.java:189)
	at org.apache.maven.surefire.booter.ProviderFactory$ProviderProxy.invoke(ProviderFactory.java:165)
	at org.apache.maven.surefire.booter.ProviderFactory.invokeProvider(ProviderFactory.java:85)
	at org.apache.maven.surefire.booter.ForkedBooter.runSuitesInProcess(ForkedBooter.java:115)
	at org.apache.maven.surefire.booter.ForkedBooter.main(ForkedBooter.java:75)
</failure>
    <system-out>2018-02-22 10:54:07 DEBUG TransactionImpl:55 - begin
2018-02-22 10:54:07 DEBUG AbstractSaveEventListener:118 - Generated identifier: 0, using strategy: org.hibernate.id.Assigned
2018-02-22 10:54:07 DEBUG TransactionImpl:66 - committing
2018-02-22 10:54:07 DEBUG AbstractFlushingEventListener:132 - Processing flush-time cascades
2018-02-22 10:54:07 DEBUG AbstractFlushingEventListener:174 - Dirty checking collections
2018-02-22 10:54:07 DEBUG AbstractFlushingEventListener:106 - Flushed: 1 insertions, 0 updates, 0 deletions to 1 objects
2018-02-22 10:54:07 DEBUG AbstractFlushingEventListener:113 - Flushed: 0 (re)creations, 0 updates, 0 removals to 0 collections
2018-02-22 10:54:07 DEBUG EntityPrinter:102 - Listing entities:
2018-02-22 10:54:07 DEBUG EntityPrinter:109 - org.entities.User{firstname=daniele, password=password1234, role=10, imgpath=null, regdate=Thu Feb 22 10:54:07 CET 2018, dateOfBirth=Thu Feb 22 10:54:07 CET 2018, id=0, email=prova1@prova.it, lastname=sprizzi}
2018-02-22 10:54:07 DEBUG SQL:92 - insert into users (dateOfBirth, email, firstname, imgpath, lastname, password, regdate, role, id) values (?, ?, ?, ?, ?, ?, ?, ?, ?)
2018-02-22 10:54:07 DEBUG LogicalConnectionManagedImpl:161 - Initiating JDBC connection release from afterTransaction
2018-02-22 10:54:07 DEBUG LogicalConnectionManagedImpl:161 - Initiating JDBC connection release from afterTransaction
2018-02-22 10:54:07 DEBUG JdbcCoordinatorImpl:183 - HHH000420: Closing un-released batch
@Before --&gt; inserted user: org.entities.User@3f23a3a0
#########
TEST IS EMAIL ON DB
#########
email: prova1@prova.it
2018-02-22 10:54:07 INFO  UserDBManager:42 - Connection opened successfully...
res.getRow(); + 0
2018-02-22 10:54:07 INFO  UserDBManager:48 - Connection closed successfully...
user: null
@Test --&gt; is email on DB: null
2018-02-22 10:54:07 DEBUG TransactionImpl:55 - begin
2018-02-22 10:54:07 DEBUG SQL:92 - delete from users
2018-02-22 10:54:07 DEBUG TransactionImpl:66 - committing
2018-02-22 10:54:07 DEBUG LogicalConnectionManagedImpl:161 - Initiating JDBC connection release from afterTransaction
2018-02-22 10:54:07 DEBUG LogicalConnectionManagedImpl:161 - Initiating JDBC connection release from afterTransaction
Database cleaned.... deleted rows number: 1
</system-out>
  </testcase>
  <testcase classname="org.db.UserDBManagerTest" name="test1" time="0.119"/>
  <testcase classname="org.db.UserDBManagerTest" name="test2" time="0.219">
    <failure type="java.lang.AssertionError">java.lang.AssertionError
	at org.junit.Assert.fail(Assert.java:86)
	at org.junit.Assert.assertTrue(Assert.java:41)
	at org.junit.Assert.assertTrue(Assert.java:52)
	at org.db.UserDBManagerTest.test2(UserDBManagerTest.java:40)
	at sun.reflect.NativeMethodAccessorImpl.invoke0(Native Method)
	at sun.reflect.NativeMethodAccessorImpl.invoke(NativeMethodAccessorImpl.java:62)
	at sun.reflect.DelegatingMethodAccessorImpl.invoke(DelegatingMethodAccessorImpl.java:43)
	at java.lang.reflect.Method.invoke(Method.java:498)
	at org.junit.runners.model.FrameworkMethod$1.runReflectiveCall(FrameworkMethod.java:50)
	at org.junit.internal.runners.model.ReflectiveCallable.run(ReflectiveCallable.java:12)
	at org.junit.runners.model.FrameworkMethod.invokeExplosively(FrameworkMethod.java:47)
	at org.junit.internal.runners.statements.InvokeMethod.evaluate(InvokeMethod.java:17)
	at org.junit.internal.runners.statements.RunBefores.evaluate(RunBefores.java:26)
	at org.junit.internal.runners.statements.RunAfters.evaluate(RunAfters.java:27)
	at org.junit.runners.ParentRunner.runLeaf(ParentRunner.java:325)
	at org.junit.runners.BlockJUnit4ClassRunner.runChild(BlockJUnit4ClassRunner.java:78)
	at org.junit.runners.BlockJUnit4ClassRunner.runChild(BlockJUnit4ClassRunner.java:57)
	at org.junit.runners.ParentRunner$3.run(ParentRunner.java:290)
	at org.junit.runners.ParentRunner$1.schedule(ParentRunner.java:71)
	at org.junit.runners.ParentRunner.runChildren(ParentRunner.java:288)
	at org.junit.runners.ParentRunner.access$000(ParentRunner.java:58)
	at org.junit.runners.ParentRunner$2.evaluate(ParentRunner.java:268)
	at org.junit.runners.ParentRunner.run(ParentRunner.java:363)
	at org.apache.maven.surefire.junit4.JUnit4Provider.execute(JUnit4Provider.java:252)
	at org.apache.maven.surefire.junit4.JUnit4Provider.executeTestSet(JUnit4Provider.java:141)
	at org.apache.maven.surefire.junit4.JUnit4Provider.invoke(JUnit4Provider.java:112)
	at sun.reflect.NativeMethodAccessorImpl.invoke0(Native Method)
	at sun.reflect.NativeMethodAccessorImpl.invoke(NativeMethodAccessorImpl.java:62)
	at sun.reflect.DelegatingMethodAccessorImpl.invoke(DelegatingMethodAccessorImpl.java:43)
	at java.lang.reflect.Method.invoke(Method.java:498)
	at org.apache.maven.surefire.util.ReflectionUtils.invokeMethodWithArray(ReflectionUtils.java:189)
	at org.apache.maven.surefire.booter.ProviderFactory$ProviderProxy.invoke(ProviderFactory.java:165)
	at org.apache.maven.surefire.booter.ProviderFactory.invokeProvider(ProviderFactory.java:85)
	at org.apache.maven.surefire.booter.ForkedBooter.runSuitesInProcess(ForkedBooter.java:115)
	at org.apache.maven.surefire.booter.ForkedBooter.main(ForkedBooter.java:75)
</failure>
    <system-out>2018-02-22 10:54:07 DEBUG TransactionImpl:55 - begin
2018-02-22 10:54:07 DEBUG AbstractSaveEventListener:118 - Generated identifier: 0, using strategy: org.hibernate.id.Assigned
2018-02-22 10:54:07 DEBUG TransactionImpl:66 - committing
2018-02-22 10:54:07 DEBUG AbstractFlushingEventListener:132 - Processing flush-time cascades
2018-02-22 10:54:07 DEBUG AbstractFlushingEventListener:174 - Dirty checking collections
2018-02-22 10:54:07 DEBUG AbstractFlushingEventListener:106 - Flushed: 1 insertions, 0 updates, 0 deletions to 1 objects
2018-02-22 10:54:07 DEBUG AbstractFlushingEventListener:113 - Flushed: 0 (re)creations, 0 updates, 0 removals to 0 collections
2018-02-22 10:54:07 DEBUG EntityPrinter:102 - Listing entities:
2018-02-22 10:54:07 DEBUG EntityPrinter:109 - org.entities.User{firstname=daniele, password=password1234, role=10, imgpath=null, regdate=Thu Feb 22 10:54:07 CET 2018, dateOfBirth=Thu Feb 22 10:54:07 CET 2018, id=0, email=prova1@prova.it, lastname=sprizzi}
2018-02-22 10:54:07 DEBUG SQL:92 - insert into users (dateOfBirth, email, firstname, imgpath, lastname, password, regdate, role, id) values (?, ?, ?, ?, ?, ?, ?, ?, ?)
2018-02-22 10:54:07 DEBUG LogicalConnectionManagedImpl:161 - Initiating JDBC connection release from afterTransaction
2018-02-22 10:54:07 DEBUG LogicalConnectionManagedImpl:161 - Initiating JDBC connection release from afterTransaction
2018-02-22 10:54:07 DEBUG JdbcCoordinatorImpl:183 - HHH000420: Closing un-released batch
@Before --&gt; inserted user: org.entities.User@7f811d00
#########
TEST SELECT BY EMAIL
#########
email: prova1@prova.it
2018-02-22 10:54:07 INFO  UserDBManager:42 - Connection opened successfully...
res.getRow(); + 0
2018-02-22 10:54:07 INFO  UserDBManager:48 - Connection closed successfully...
user: null
@Test --&gt; user by email: null
2018-02-22 10:54:07 DEBUG TransactionImpl:55 - begin
2018-02-22 10:54:07 DEBUG SQL:92 - delete from users
2018-02-22 10:54:07 DEBUG TransactionImpl:66 - committing
2018-02-22 10:54:07 DEBUG LogicalConnectionManagedImpl:161 - Initiating JDBC connection release from afterTransaction
2018-02-22 10:54:07 DEBUG LogicalConnectionManagedImpl:161 - Initiating JDBC connection release from afterTransaction
Database cleaned.... deleted rows number: 1
</system-out>
  </testcase>
  <testcase classname="org.db.UserDBManagerTest" name="test4_updatePasswordByEmail" time="0.25"/>
  <testcase classname="org.db.UserDBManagerTest" name="test3_isEmailOnDB_false" time="0.203"/>
</testsuite>